5424 [JavaFX Application Thread] INFO  app.Main - The app is started ... 
16568 [JavaFX Application Thread] INFO  controller.SidebarController - Load the search scene 
50321 [JavaFX Application Thread] INFO  controller.SidebarController - Load the upload scene 
50342 [JavaFX Application Thread] INFO  controller.SidebarController - Choose the upload scene 
51627 [JavaFX Application Thread] INFO  controller.SidebarController - Load the search scene 
51632 [JavaFX Application Thread] INFO  controller.SidebarController - Choose the search scene 
53798 [JavaFX Application Thread] INFO  controller.SidebarController - Closed the app 
6308 [JavaFX Application Thread] INFO  app.Main - The app is started ... 
24173 [JavaFX Application Thread] INFO  controller.SidebarController - Load the search scene 
9797 [JavaFX Application Thread] INFO  app.Main - The app is started ... 
37513 [JavaFX Application Thread] INFO  controller.SidebarController - Load the search scene 
50166 [JavaFX Application Thread] INFO  controller.SidebarController - Load the upload scene 
50179 [JavaFX Application Thread] INFO  controller.SidebarController - Choose the upload scene 
65623 [JavaFX Application Thread] INFO  controller.SidebarController - Load the search scene 
65632 [JavaFX Application Thread] INFO  controller.SidebarController - Choose the search scene 
72453 [JavaFX Application Thread] INFO  controller.SidebarController - Load the upload scene 
72455 [JavaFX Application Thread] INFO  controller.SidebarController - Choose the upload scene 
74197 [JavaFX Application Thread] INFO  controller.UploadController - Add a new TextField for ingredients 
74422 [JavaFX Application Thread] INFO  controller.UploadController - Add a new TextField for ingredients 
74605 [JavaFX Application Thread] INFO  controller.UploadController - Add a new TextField for ingredients 
74789 [JavaFX Application Thread] INFO  controller.UploadController - Add a new TextField for ingredients 
74966 [JavaFX Application Thread] INFO  controller.UploadController - Add a new TextField for ingredients 
75158 [JavaFX Application Thread] INFO  controller.UploadController - Add a new TextField for ingredients 
75349 [JavaFX Application Thread] INFO  controller.UploadController - Add a new TextField for ingredients 
75550 [JavaFX Application Thread] INFO  controller.UploadController - Add a new TextField for ingredients 
75742 [JavaFX Application Thread] INFO  controller.UploadController - Add a new TextField for ingredients 
75942 [JavaFX Application Thread] INFO  controller.UploadController - Add a new TextField for ingredients 
76157 [JavaFX Application Thread] INFO  controller.UploadController - Add a new TextField for ingredients 
76350 [JavaFX Application Thread] INFO  controller.UploadController - Add a new TextField for ingredients 
76557 [JavaFX Application Thread] INFO  controller.UploadController - Add a new TextField for ingredients 
76765 [JavaFX Application Thread] INFO  controller.UploadController - Add a new TextField for ingredients 
76974 [JavaFX Application Thread] INFO  controller.UploadController - Add a new TextField for ingredients 
76976 [JavaFX Application Thread] WARN  controller.UploadController - Tried to add new TextField more than 13 
77175 [JavaFX Application Thread] INFO  controller.UploadController - Add a new TextField for ingredients 
77176 [JavaFX Application Thread] WARN  controller.UploadController - Tried to add new TextField more than 13 
77406 [JavaFX Application Thread] INFO  controller.UploadController - Add a new TextField for ingredients 
77407 [JavaFX Application Thread] WARN  controller.UploadController - Tried to add new TextField more than 13 
80542 [JavaFX Application Thread] INFO  controller.UploadController - Deleted the last TextField 
81342 [JavaFX Application Thread] INFO  controller.UploadController - Deleted the last TextField 
81549 [JavaFX Application Thread] INFO  controller.UploadController - Deleted the last TextField 
81734 [JavaFX Application Thread] INFO  controller.UploadController - Deleted the last TextField 
82301 [JavaFX Application Thread] INFO  controller.SidebarController - Load the search scene 
82306 [JavaFX Application Thread] INFO  controller.SidebarController - Choose the search scene 
82948 [JavaFX Application Thread] INFO  controller.SidebarController - Load the upload scene 
82950 [JavaFX Application Thread] INFO  controller.SidebarController - Choose the upload scene 
105710 [JavaFX Application Thread] INFO  controller.UploadController - Add a new TextField for ingredients 
106022 [JavaFX Application Thread] INFO  controller.UploadController - Add a new TextField for ingredients 
106246 [JavaFX Application Thread] INFO  controller.UploadController - Add a new TextField for ingredients 
106454 [JavaFX Application Thread] INFO  controller.UploadController - Add a new TextField for ingredients 
148246 [JavaFX Application Thread] INFO  controller.UploadController - Add a new TextField for ingredients 
160129 [JavaFX Application Thread] INFO  controller.UploadController - Add a recipe successfully! 
284504 [JavaFX Application Thread] INFO  controller.UploadController - Add a new TextField for ingredients 
285017 [JavaFX Application Thread] INFO  controller.UploadController - Add a new TextField for ingredients 
319097 [JavaFX Application Thread] INFO  controller.UploadController - Add a new TextField for ingredients 
332921 [JavaFX Application Thread] INFO  controller.UploadController - Add a new TextField for ingredients 
343081 [JavaFX Application Thread] INFO  controller.UploadController - Add a new TextField for ingredients 
359347 [JavaFX Application Thread] INFO  controller.UploadController - Add a recipe successfully! 
464870 [JavaFX Application Thread] INFO  controller.UploadController - Add a new TextField for ingredients 
465878 [JavaFX Application Thread] INFO  controller.UploadController - Add a new TextField for ingredients 
466142 [JavaFX Application Thread] INFO  controller.UploadController - Add a new TextField for ingredients 
502470 [JavaFX Application Thread] INFO  controller.UploadController - Add a new TextField for ingredients 
542608 [JavaFX Application Thread] INFO  controller.UploadController - Add a recipe successfully! 
656285 [JavaFX Application Thread] INFO  controller.SidebarController - Closed the app 
5755 [JavaFX Application Thread] INFO  app.Main - The app is started ... 
16039 [JavaFX Application Thread] INFO  controller.SidebarController - Load the search scene 
31851 [JavaFX Application Thread] INFO  controller.SidebarController - Closed the app 
